# JRE version: OpenJDK Runtime Environment (11.0.15) (build 11.0.15+0-b2043.56-9505619)
# Java VM: OpenJDK 64-Bit Server VM (11.0.15+0-b2043.56-9505619, mixed mode, tiered, compressed oops, g1 gc, windows-amd64)
Heap:
 garbage-first heap   total 539648K, used 324608K [0x0000000080000000, 0x0000000100000000)
  region size 1024K, 5 young (5120K), 5 survivors (5120K)
 Metaspace       used 130447K, capacity 134251K, committed 134396K, reserved 1167360K
  class space    used 16067K, capacity 17543K, committed 17636K, reserved 1048576K
GC Heap History (20 events):
Event: 56.316 GC heap after
{Heap after GC invocations=70 (full 0):
 garbage-first heap   total 393216K, used 213639K [0x0000000080000000, 0x0000000100000000)
  region size 1024K, 9 young (9216K), 9 survivors (9216K)
 Metaspace       used 125845K, capacity 129122K, committed 129148K, reserved 1161216K
  class space    used 15488K, capacity 16740K, committed 16740K, reserved 1048576K
}
Event: 57.067 GC heap before
{Heap before GC invocations=70 (full 0):
 garbage-first heap   total 393216K, used 341639K [0x0000000080000000, 0x0000000100000000)
  region size 1024K, 134 young (137216K), 9 survivors (9216K)
 Metaspace       used 125864K, capacity 129187K, committed 129404K, reserved 1163264K
  class space    used 15488K, capacity 16740K, committed 16740K, reserved 1048576K
}
Event: 57.081 GC heap after
{Heap after GC invocations=71 (full 0):
 garbage-first heap   total 393216K, used 214724K [0x0000000080000000, 0x0000000100000000)
  region size 1024K, 10 young (10240K), 10 survivors (10240K)
 Metaspace       used 125864K, capacity 129187K, committed 129404K, reserved 1163264K
  class space    used 15488K, capacity 16740K, committed 16740K, reserved 1048576K
}
Event: 57.842 GC heap before
{Heap before GC invocations=71 (full 0):
 garbage-first heap   total 393216K, used 342724K [0x0000000080000000, 0x0000000100000000)
  region size 1024K, 135 young (138240K), 10 survivors (10240K)
 Metaspace       used 125890K, capacity 129189K, committed 129404K, reserved 1163264K
  class space    used 15488K, capacity 16740K, committed 16740K, reserved 1048576K
}
Event: 57.858 GC heap after
{Heap after GC invocations=72 (full 0):
 garbage-first heap   total 393216K, used 214977K [0x0000000080000000, 0x0000000100000000)
  region size 1024K, 6 young (6144K), 6 survivors (6144K)
 Metaspace       used 125890K, capacity 129189K, committed 129404K, reserved 1163264K
  class space    used 15488K, capacity 16740K, committed 16740K, reserved 1048576K
}
Event: 59.004 GC heap before
{Heap before GC invocations=72 (full 0):
 garbage-first heap   total 393216K, used 345025K [0x0000000080000000, 0x0000000100000000)
  region size 1024K, 132 young (135168K), 6 survivors (6144K)
 Metaspace       used 128142K, capacity 131753K, committed 131964K, reserved 1165312K
  class space    used 15779K, capacity 17144K, committed 17252K, reserved 1048576K
}
Event: 59.015 GC heap after
{Heap after GC invocations=73 (full 0):
 garbage-first heap   total 393216K, used 221107K [0x0000000080000000, 0x0000000100000000)
  region size 1024K, 10 young (10240K), 10 survivors (10240K)
 Metaspace       used 128142K, capacity 131753K, committed 131964K, reserved 1165312K
  class space    used 15779K, capacity 17144K, committed 17252K, reserved 1048576K
}
Event: 59.544 GC heap before
{Heap before GC invocations=73 (full 0):
 garbage-first heap   total 393216K, used 315315K [0x0000000080000000, 0x0000000100000000)
  region size 1024K, 80 young (81920K), 10 survivors (10240K)
 Metaspace       used 129434K, capacity 133104K, committed 133116K, reserved 1165312K
  class space    used 15951K, capacity 17378K, committed 17380K, reserved 1048576K
}
Event: 59.561 GC heap after
{Heap after GC invocations=74 (full 0):
 garbage-first heap   total 393216K, used 253917K [0x0000000080000000, 0x0000000100000000)
  region size 1024K, 17 young (17408K), 17 survivors (17408K)
 Metaspace       used 129434K, capacity 133104K, committed 133116K, reserved 1165312K
  class space    used 15951K, capacity 17378K, committed 17380K, reserved 1048576K
}
Event: 59.989 GC heap before
{Heap before GC invocations=75 (full 0):
 garbage-first heap   total 393216K, used 360413K [0x0000000080000000, 0x0000000100000000)
  region size 1024K, 94 young (96256K), 17 survivors (17408K)
 Metaspace       used 129991K, capacity 133693K, committed 134012K, reserved 1165312K
  class space    used 16001K, capacity 17417K, committed 17508K, reserved 1048576K
}
Event: 60.028 GC heap after
{Heap after GC invocations=76 (full 0):
 garbage-first heap   total 406528K, used 278169K [0x0000000080000000, 0x0000000100000000)
  region size 1024K, 12 young (12288K), 12 survivors (12288K)
 Metaspace       used 129991K, capacity 133693K, committed 134012K, reserved 1165312K
  class space    used 16001K, capacity 17417K, committed 17508K, reserved 1048576K
}
Event: 60.070 GC heap before
{Heap before GC invocations=76 (full 0):
 garbage-first heap   total 406528K, used 285337K [0x0000000080000000, 0x0000000100000000)
  region size 1024K, 19 young (19456K), 12 survivors (12288K)
 Metaspace       used 129991K, capacity 133693K, committed 134012K, reserved 1165312K
  class space    used 16001K, capacity 17417K, committed 17508K, reserved 1048576K
}
Event: 60.096 GC heap after
{Heap after GC invocations=77 (full 0):
 garbage-first heap   total 406528K, used 242938K [0x0000000080000000, 0x0000000100000000)
  region size 1024K, 3 young (3072K), 3 survivors (3072K)
 Metaspace       used 129991K, capacity 133693K, committed 134012K, reserved 1165312K
  class space    used 16001K, capacity 17417K, committed 17508K, reserved 1048576K
}
Event: 60.190 GC heap before
{Heap before GC invocations=77 (full 0):
 garbage-first heap   total 406528K, used 259322K [0x0000000080000000, 0x0000000100000000)
  region size 1024K, 19 young (19456K), 3 survivors (3072K)
 Metaspace       used 129991K, capacity 133693K, committed 134012K, reserved 1165312K
  class space    used 16001K, capacity 17417K, committed 17508K, reserved 1048576K
}
Event: 60.208 GC heap after
{Heap after GC invocations=78 (full 0):
 garbage-first heap   total 406528K, used 240131K [0x0000000080000000, 0x0000000100000000)
  region size 1024K, 3 young (3072K), 3 survivors (3072K)
 Metaspace       used 129991K, capacity 133693K, committed 134012K, reserved 1165312K
  class space    used 16001K, capacity 17417K, committed 17508K, reserved 1048576K
}
Event: 60.535 GC heap before
{Heap before GC invocations=78 (full 0):
 garbage-first heap   total 406528K, used 325123K [0x0000000080000000, 0x0000000100000000)
  region size 1024K, 82 young (83968K), 3 survivors (3072K)
 Metaspace       used 130434K, capacity 134248K, committed 134396K, reserved 1167360K
  class space    used 16067K, capacity 17543K, committed 17636K, reserved 1048576K
}
Event: 60.581 GC heap after
{Heap after GC invocations=79 (full 0):
 garbage-first heap   total 406528K, used 283064K [0x0000000080000000, 0x0000000100000000)
  region size 1024K, 11 young (11264K), 11 survivors (11264K)
 Metaspace       used 130434K, capacity 134248K, committed 134396K, reserved 1167360K
  class space    used 16067K, capacity 17543K, committed 17636K, reserved 1048576K
}
Event: 60.652 GC heap before
{Heap before GC invocations=79 (full 0):
 garbage-first heap   total 406528K, used 327096K [0x0000000080000000, 0x0000000100000000)
  region size 1024K, 55 young (56320K), 11 survivors (11264K)
 Metaspace       used 130446K, capacity 134251K, committed 134396K, reserved 1167360K
  class space    used 16067K, capacity 17543K, committed 17636K, reserved 1048576K
}
Event: 60.689 GC heap after
{Heap after GC invocations=80 (full 0):
 garbage-first heap   total 406528K, used 308736K [0x0000000080000000, 0x0000000100000000)
  region size 1024K, 7 young (7168K), 7 survivors (7168K)
 Metaspace       used 130446K, capacity 134251K, committed 134396K, reserved 1167360K
  class space    used 16067K, capacity 17543K, committed 17636K, reserved 1048576K
}
Event: 60.728 GC heap before
{Heap before GC invocations=80 (full 0):
 garbage-first heap   total 406528K, used 336384K [0x0000000080000000, 0x0000000100000000)
  region size 1024K, 34 young (34816K), 7 survivors (7168K)
 Metaspace       used 130447K, capacity 134251K, committed 134396K, reserved 1167360K
  class space    used 16067K, capacity 17543K, committed 17636K, reserved 1048576K
}

